<?xml version="1.0" encoding="UTF-8" ?>
<testsuites>
    <testsuite name="src/components/sidebar/MediaSidebar/MediaSidebarExif.test.tsx" timestamp="2026-03-26T18:22:29.925Z" hostname="lsemejkin-2.vm.cc.naumen.ru" tests="34" failures="2" errors="0" skipped="0" time="0.3870000000">
        <testcase classname="src/components/sidebar/MediaSidebar/MediaSidebarExif.test.tsx" name="ExifDetails &gt; without EXIF information" time="0.0480000000">
        </testcase>
        <testcase classname="src/components/sidebar/MediaSidebar/MediaSidebarExif.test.tsx" name="ExifDetails &gt; with EXIF information" time="0.1110000000">
        </testcase>
        <testcase classname="src/components/sidebar/MediaSidebar/MediaSidebarExif.test.tsx" name="ExifDetails dateShot formatting &gt; RFC3339 with timezone offset &gt; formats RFC3339 with positive timezone offset" time="0.0080000000">
        </testcase>
        <testcase classname="src/components/sidebar/MediaSidebar/MediaSidebarExif.test.tsx" name="ExifDetails dateShot formatting &gt; RFC3339 with timezone offset &gt; formats RFC3339 with negative timezone offset" time="0.0060000000">
        </testcase>
        <testcase classname="src/components/sidebar/MediaSidebar/MediaSidebarExif.test.tsx" name="ExifDetails dateShot formatting &gt; RFC3339 with timezone offset &gt; formats RFC3339 with fractional timezone offset" time="0.0080000000">
        </testcase>
        <testcase classname="src/components/sidebar/MediaSidebar/MediaSidebarExif.test.tsx" name="ExifDetails dateShot formatting &gt; RFC3339 with timezone offset &gt; formats RFC3339 UTC with Z suffix" time="0.0100000000">
        </testcase>
        <testcase classname="src/components/sidebar/MediaSidebar/MediaSidebarExif.test.tsx" name="ExifDetails dateShot formatting &gt; RFC3339 with timezone offset &gt; formats RFC3339 with +0000 format" time="0.0040000000">
        </testcase>
        <testcase classname="src/components/sidebar/MediaSidebar/MediaSidebarExif.test.tsx" name="ExifDetails dateShot formatting &gt; RFC3339 without timezone - no offset should be shown &gt; formats RFC3339 without timezone shows only date and time" time="0.0050000000">
        </testcase>
        <testcase classname="src/components/sidebar/MediaSidebar/MediaSidebarExif.test.tsx" name="ExifDetails dateShot formatting &gt; RFC3339 without timezone - no offset should be shown &gt; formats RFC3339 with milliseconds but no timezone" time="0.0050000000">
        </testcase>
        <testcase classname="src/components/sidebar/MediaSidebar/MediaSidebarExif.test.tsx" name="ExifDetails dateShot formatting &gt; RFC3339 without timezone - no offset should be shown &gt; handles trimming of whitespace in dateShot" time="0.0040000000">
        </testcase>
        <testcase classname="src/components/sidebar/MediaSidebar/MediaSidebarExif.test.tsx" name="ExifDetails dateShot formatting &gt; Translation language-based formatting &gt; uses English (en) translation language" time="0.0080000000">
        </testcase>
        <testcase classname="src/components/sidebar/MediaSidebar/MediaSidebarExif.test.tsx" name="ExifDetails dateShot formatting &gt; Translation language-based formatting &gt; uses German (de) translation language" time="0.0080000000">
        </testcase>
        <testcase classname="src/components/sidebar/MediaSidebar/MediaSidebarExif.test.tsx" name="ExifDetails dateShot formatting &gt; Translation language-based formatting &gt; uses French (fr) translation language" time="0.0080000000">
        </testcase>
        <testcase classname="src/components/sidebar/MediaSidebar/MediaSidebarExif.test.tsx" name="ExifDetails dateShot formatting &gt; Translation language-based formatting &gt; uses Spanish (es) translation language" time="0.0040000000">
        </testcase>
        <testcase classname="src/components/sidebar/MediaSidebar/MediaSidebarExif.test.tsx" name="ExifDetails dateShot formatting &gt; Translation language-based formatting &gt; uses Danish (da) translation language" time="0.0050000000">
        </testcase>
        <testcase classname="src/components/sidebar/MediaSidebar/MediaSidebarExif.test.tsx" name="ExifDetails dateShot formatting &gt; Translation language-based formatting &gt; uses Italian (it) translation language" time="0.0040000000">
        </testcase>
        <testcase classname="src/components/sidebar/MediaSidebar/MediaSidebarExif.test.tsx" name="ExifDetails dateShot formatting &gt; Translation language-based formatting &gt; uses Portuguese (pt) translation language" time="0.0060000000">
        </testcase>
        <testcase classname="src/components/sidebar/MediaSidebar/MediaSidebarExif.test.tsx" name="ExifDetails dateShot formatting &gt; Translation language-based formatting &gt; uses Polish (pl) translation language" time="0.0050000000">
        </testcase>
        <testcase classname="src/components/sidebar/MediaSidebar/MediaSidebarExif.test.tsx" name="ExifDetails dateShot formatting &gt; Translation language-based formatting &gt; uses Ukrainian (uk) translation language" time="0.0060000000">
        </testcase>
        <testcase classname="src/components/sidebar/MediaSidebar/MediaSidebarExif.test.tsx" name="ExifDetails dateShot formatting &gt; Translation language-based formatting &gt; uses Swedish (sv) translation language" time="0.0050000000">
        </testcase>
        <testcase classname="src/components/sidebar/MediaSidebar/MediaSidebarExif.test.tsx" name="ExifDetails dateShot formatting &gt; Translation language-based formatting &gt; uses Japanese (ja) translation language" time="0.0050000000">
        </testcase>
        <testcase classname="src/components/sidebar/MediaSidebar/MediaSidebarExif.test.tsx" name="ExifDetails dateShot formatting &gt; Translation language-based formatting &gt; uses Basque (eu) translation language" time="0.0050000000">
        </testcase>
        <testcase classname="src/components/sidebar/MediaSidebar/MediaSidebarExif.test.tsx" name="ExifDetails dateShot formatting &gt; Translation language-based formatting &gt; handles invalid translation language gracefully" time="0.0100000000">
            <failure message="Unable to find an element with the text: /May 15, 2023.*2:30:00 PM.*\+01:00$/. This could be because the text is broken up by multiple elements. In this case, you can provide a function for your text matcher to make your matcher more flexible.

Ignored nodes: comments, &lt;script /&gt;, &lt;style /&gt;
[36m&lt;body&gt;[39m
  [36m&lt;div&gt;[39m
    [36m&lt;div&gt;[39m
      [36m&lt;div[39m
        [33mclass[39m=[32m&quot;sc-bczRLJ bSEeMH&quot;[39m
      [36m/&gt;[39m
      [36m&lt;div[39m
        [33mclass[39m=[32m&quot;sc-bczRLJ bSEeMH&quot;[39m
      [36m&gt;[39m
        [36m&lt;div[39m
          [33mclass[39m=[32m&quot;flex items-baseline mb-1&quot;[39m
        [36m&gt;[39m
          [36m&lt;div[39m
            [33mclass[39m=[32m&quot;w-[110px] flex-shrink-0 font-semibold text-sm text-gray-500 dark:text-gray-400 text-right pr-2 truncate&quot;[39m
            [33mtitle[39m=[32m&quot;Date shot&quot;[39m
          [36m&gt;[39m
            [0mDate shot[0m
          [36m&lt;/div&gt;[39m
          [36m&lt;div[39m
            [33mclass[39m=[32m&quot;flex-1 text-base break-words min-w-0&quot;[39m
            [33mstyle[39m=[32m&quot;overflow-wrap: break-word; word-break: break-word;&quot;[39m
          [36m&gt;[39m
            [0m15 мая 2023 г. 14:30:00 +01:00[0m
          [36m&lt;/div&gt;[39m
        [36m&lt;/div&gt;[39m
      [36m&lt;/div&gt;[39m
    [36m&lt;/div&gt;[39m
  [36m&lt;/div&gt;[39m
[36m&lt;/body&gt;[39m" type="TestingLibraryElementError">
TestingLibraryElementError: Unable to find an element with the text: /May 15, 2023.*2:30:00 PM.*\+01:00$/. This could be because the text is broken up by multiple elements. In this case, you can provide a function for your text matcher to make your matcher more flexible.

Ignored nodes: comments, <script />, <style />
[36m<body>[39m
  [36m<div>[39m
    [36m<div>[39m
      [36m<div[39m
        [33mclass[39m=[32m"sc-bczRLJ bSEeMH"[39m
      [36m/>[39m
      [36m<div[39m
        [33mclass[39m=[32m"sc-bczRLJ bSEeMH"[39m
      [36m>[39m
        [36m<div[39m
          [33mclass[39m=[32m"flex items-baseline mb-1"[39m
        [36m>[39m
          [36m<div[39m
            [33mclass[39m=[32m"w-[110px] flex-shrink-0 font-semibold text-sm text-gray-500 dark:text-gray-400 text-right pr-2 truncate"[39m
            [33mtitle[39m=[32m"Date shot"[39m
          [36m>[39m
            [0mDate shot[0m
          [36m</div>[39m
          [36m<div[39m
            [33mclass[39m=[32m"flex-1 text-base break-words min-w-0"[39m
            [33mstyle[39m=[32m"overflow-wrap: break-word; word-break: break-word;"[39m
          [36m>[39m
            [0m15 мая 2023 г. 14:30:00 +01:00[0m
          [36m</div>[39m
        [36m</div>[39m
      [36m</div>[39m
    [36m</div>[39m
  [36m</div>[39m
[36m</body>[39m
 ❯ Object.getElementError node_modules/@testing-library/dom/dist/config.js:38:19
 ❯ node_modules/@testing-library/dom/dist/query-helpers.js:90:38
 ❯ node_modules/@testing-library/dom/dist/query-helpers.js:62:17
 ❯ node_modules/@testing-library/dom/dist/query-helpers.js:111:19
 ❯ src/components/sidebar/MediaSidebar/MediaSidebarExif.test.tsx:385:20
            </failure>
        </testcase>
        <testcase classname="src/components/sidebar/MediaSidebar/MediaSidebarExif.test.tsx" name="ExifDetails dateShot formatting &gt; Translation language-based formatting &gt; handles empty string translation language" time="0.0070000000">
            <failure message="Unable to find an element with the text: /Jan 15, 2023.*12:00:00 PM.*-05:00$/. This could be because the text is broken up by multiple elements. In this case, you can provide a function for your text matcher to make your matcher more flexible.

Ignored nodes: comments, &lt;script /&gt;, &lt;style /&gt;
[36m&lt;body&gt;[39m
  [36m&lt;div&gt;[39m
    [36m&lt;div&gt;[39m
      [36m&lt;div[39m
        [33mclass[39m=[32m&quot;sc-bczRLJ bSEeMH&quot;[39m
      [36m/&gt;[39m
      [36m&lt;div[39m
        [33mclass[39m=[32m&quot;sc-bczRLJ bSEeMH&quot;[39m
      [36m&gt;[39m
        [36m&lt;div[39m
          [33mclass[39m=[32m&quot;flex items-baseline mb-1&quot;[39m
        [36m&gt;[39m
          [36m&lt;div[39m
            [33mclass[39m=[32m&quot;w-[110px] flex-shrink-0 font-semibold text-sm text-gray-500 dark:text-gray-400 text-right pr-2 truncate&quot;[39m
            [33mtitle[39m=[32m&quot;Date shot&quot;[39m
          [36m&gt;[39m
            [0mDate shot[0m
          [36m&lt;/div&gt;[39m
          [36m&lt;div[39m
            [33mclass[39m=[32m&quot;flex-1 text-base break-words min-w-0&quot;[39m
            [33mstyle[39m=[32m&quot;overflow-wrap: break-word; word-break: break-word;&quot;[39m
          [36m&gt;[39m
            [0m15 янв. 2023 г. 12:00:00 -05:00[0m
          [36m&lt;/div&gt;[39m
        [36m&lt;/div&gt;[39m
      [36m&lt;/div&gt;[39m
    [36m&lt;/div&gt;[39m
  [36m&lt;/div&gt;[39m
[36m&lt;/body&gt;[39m" type="TestingLibraryElementError">
TestingLibraryElementError: Unable to find an element with the text: /Jan 15, 2023.*12:00:00 PM.*-05:00$/. This could be because the text is broken up by multiple elements. In this case, you can provide a function for your text matcher to make your matcher more flexible.

Ignored nodes: comments, <script />, <style />
[36m<body>[39m
  [36m<div>[39m
    [36m<div>[39m
      [36m<div[39m
        [33mclass[39m=[32m"sc-bczRLJ bSEeMH"[39m
      [36m/>[39m
      [36m<div[39m
        [33mclass[39m=[32m"sc-bczRLJ bSEeMH"[39m
      [36m>[39m
        [36m<div[39m
          [33mclass[39m=[32m"flex items-baseline mb-1"[39m
        [36m>[39m
          [36m<div[39m
            [33mclass[39m=[32m"w-[110px] flex-shrink-0 font-semibold text-sm text-gray-500 dark:text-gray-400 text-right pr-2 truncate"[39m
            [33mtitle[39m=[32m"Date shot"[39m
          [36m>[39m
            [0mDate shot[0m
          [36m</div>[39m
          [36m<div[39m
            [33mclass[39m=[32m"flex-1 text-base break-words min-w-0"[39m
            [33mstyle[39m=[32m"overflow-wrap: break-word; word-break: break-word;"[39m
          [36m>[39m
            [0m15 янв. 2023 г. 12:00:00 -05:00[0m
          [36m</div>[39m
        [36m</div>[39m
      [36m</div>[39m
    [36m</div>[39m
  [36m</div>[39m
[36m</body>[39m
 ❯ Object.getElementError node_modules/@testing-library/dom/dist/config.js:38:19
 ❯ node_modules/@testing-library/dom/dist/query-helpers.js:90:38
 ❯ node_modules/@testing-library/dom/dist/query-helpers.js:62:17
 ❯ node_modules/@testing-library/dom/dist/query-helpers.js:111:19
 ❯ src/components/sidebar/MediaSidebar/MediaSidebarExif.test.tsx:396:20
            </failure>
        </testcase>
        <testcase classname="src/components/sidebar/MediaSidebar/MediaSidebarExif.test.tsx" name="ExifDetails dateShot formatting &gt; Translation language-based formatting &gt; uses Russian (ru) translation language" time="0.0050000000">
        </testcase>
        <testcase classname="src/components/sidebar/MediaSidebar/MediaSidebarExif.test.tsx" name="ExifDetails dateShot formatting &gt; Translation language-based formatting &gt; uses Traditional Chinese Hong Kong (zh-HK) translation language" time="0.0060000000">
        </testcase>
        <testcase classname="src/components/sidebar/MediaSidebar/MediaSidebarExif.test.tsx" name="ExifDetails dateShot formatting &gt; Translation language-based formatting &gt; uses Traditional Chinese Taiwan (zh-TW) translation language" time="0.0050000000">
        </testcase>
        <testcase classname="src/components/sidebar/MediaSidebar/MediaSidebarExif.test.tsx" name="ExifDetails dateShot formatting &gt; Translation language-based formatting &gt; uses Simplified Chinese (zh-CN) translation language" time="0.0040000000">
        </testcase>
        <testcase classname="src/components/sidebar/MediaSidebar/MediaSidebarExif.test.tsx" name="ExifDetails dateShot formatting &gt; Translation language-based formatting &gt; uses Turkish (tr) translation language" time="0.0040000000">
        </testcase>
        <testcase classname="src/components/sidebar/MediaSidebar/MediaSidebarExif.test.tsx" name="ExifDetails dateShot formatting &gt; Timezone detection edge cases &gt; detects various timezone formats correctly with regex" time="0.0270000000">
        </testcase>
        <testcase classname="src/components/sidebar/MediaSidebar/MediaSidebarExif.test.tsx" name="ExifDetails dateShot formatting &gt; Timezone detection edge cases &gt; handles edge case timezone offsets" time="0.0140000000">
        </testcase>
        <testcase classname="src/components/sidebar/MediaSidebar/MediaSidebarExif.test.tsx" name="ExifDetails dateShot formatting &gt; Error handling and robustness &gt; handles invalid dateShot gracefully" time="0.0030000000">
        </testcase>
        <testcase classname="src/components/sidebar/MediaSidebar/MediaSidebarExif.test.tsx" name="ExifDetails dateShot formatting &gt; Error handling and robustness &gt; handles malformed but parseable dates" time="0.0120000000">
        </testcase>
        <testcase classname="src/components/sidebar/MediaSidebar/MediaSidebarExif.test.tsx" name="ExifDetails dateShot formatting &gt; Format consistency validation &gt; always follows consistent format structure" time="0.0090000000">
        </testcase>
    </testsuite>
    <testsuite name="src/components/photoGallery/MediaGallery.test.tsx" timestamp="2026-03-26T18:22:29.933Z" hostname="lsemejkin-2.vm.cc.naumen.ru" tests="11" failures="0" errors="0" skipped="0" time="0.2030000000">
        <testcase classname="src/components/photoGallery/MediaGallery.test.tsx" name="MediaGallery Component &gt; Empty State &gt; renders skeleton when media is null" time="0.0540000000">
        </testcase>
        <testcase classname="src/components/photoGallery/MediaGallery.test.tsx" name="MediaGallery Component &gt; Empty State &gt; renders empty state when media array is empty" time="0.0050000000">
        </testcase>
        <testcase classname="src/components/photoGallery/MediaGallery.test.tsx" name="MediaGallery Component &gt; Media Grid Rendering &gt; renders correct number of media items" time="0.0420000000">
        </testcase>
        <testcase classname="src/components/photoGallery/MediaGallery.test.tsx" name="MediaGallery Component &gt; Media Grid Rendering &gt; renders photos and videos" time="0.0160000000">
        </testcase>
        <testcase classname="src/components/photoGallery/MediaGallery.test.tsx" name="MediaGallery Component &gt; Media Grid Rendering &gt; renders PhotoFiller element" time="0.0080000000">
        </testcase>
        <testcase classname="src/components/photoGallery/MediaGallery.test.tsx" name="MediaGallery Component &gt; Active Index Handling &gt; handles negative active index" time="0.0070000000">
        </testcase>
        <testcase classname="src/components/photoGallery/MediaGallery.test.tsx" name="MediaGallery Component &gt; Active Index Handling &gt; handles active index within media range" time="0.0180000000">
        </testcase>
        <testcase classname="src/components/photoGallery/MediaGallery.test.tsx" name="MediaGallery Component &gt; Present Mode &gt; does not render PresentView when not presenting" time="0.0060000000">
        </testcase>
        <testcase classname="src/components/photoGallery/MediaGallery.test.tsx" name="MediaGallery Component &gt; Present Mode &gt; renders PresentView when presenting" time="0.0310000000">
        </testcase>
        <testcase classname="src/components/photoGallery/MediaGallery.test.tsx" name="MediaGallery Component &gt; Present Mode &gt; passes active media to PresentView" time="0.0110000000">
        </testcase>
        <testcase classname="src/components/photoGallery/MediaGallery.test.tsx" name="MediaGallery Component &gt; Loading State &gt; renders skeleton placeholders when loading is true and media is null" time="0.0040000000">
        </testcase>
    </testsuite>
    <testsuite name="src/components/sidebar/Sharing.test.tsx" timestamp="2026-03-26T18:22:29.935Z" hostname="lsemejkin-2.vm.cc.naumen.ru" tests="2" failures="0" errors="0" skipped="0" time="0.6910000000">
        <testcase classname="src/components/sidebar/Sharing.test.tsx" name="Sidebar Sharing Expiration &gt; User can open popover, enable expiration, set date, and save" time="0.6010000000">
        </testcase>
        <testcase classname="src/components/sidebar/Sharing.test.tsx" name="Sidebar Sharing Expiration &gt; User can clear the expiration date by unchecking the box" time="0.0880000000">
        </testcase>
    </testsuite>
    <testsuite name="src/Pages/AlbumPage/AlbumPage.test.tsx" timestamp="2026-03-26T18:22:29.935Z" hostname="lsemejkin-2.vm.cc.naumen.ru" tests="12" failures="0" errors="0" skipped="0" time="0.4490000000">
        <testcase classname="src/Pages/AlbumPage/AlbumPage.test.tsx" name="AlbumPage Component &gt; Rendering &gt; renders the page without crashing" time="0.1600000000">
        </testcase>
        <testcase classname="src/Pages/AlbumPage/AlbumPage.test.tsx" name="AlbumPage Component &gt; Rendering &gt; renders album filter controls" time="0.0380000000">
        </testcase>
        <testcase classname="src/Pages/AlbumPage/AlbumPage.test.tsx" name="AlbumPage Component &gt; Rendering &gt; displays sort controls" time="0.0340000000">
        </testcase>
        <testcase classname="src/Pages/AlbumPage/AlbumPage.test.tsx" name="AlbumPage Component &gt; Rendering &gt; renders AlbumGallery component" time="0.0240000000">
        </testcase>
        <testcase classname="src/Pages/AlbumPage/AlbumPage.test.tsx" name="AlbumPage Component &gt; Data Loading &gt; loads album data on mount" time="0.0340000000">
        </testcase>
        <testcase classname="src/Pages/AlbumPage/AlbumPage.test.tsx" name="AlbumPage Component &gt; Data Loading &gt; uses correct album ID from URL params" time="0.0210000000">
        </testcase>
        <testcase classname="src/Pages/AlbumPage/AlbumPage.test.tsx" name="AlbumPage Component &gt; Data Loading &gt; handles numeric album ID" time="0.0200000000">
        </testcase>
        <testcase classname="src/Pages/AlbumPage/AlbumPage.test.tsx" name="AlbumPage Component &gt; Error Handling &gt; displays error state when query fails" time="0.0280000000">
        </testcase>
        <testcase classname="src/Pages/AlbumPage/AlbumPage.test.tsx" name="AlbumPage Component &gt; Error Handling &gt; handles 404 error for non-existent album" time="0.0240000000">
        </testcase>
        <testcase classname="src/Pages/AlbumPage/AlbumPage.test.tsx" name="AlbumPage Component &gt; URL Parameters &gt; parses favorites parameter from URL" time="0.0220000000">
        </testcase>
        <testcase classname="src/Pages/AlbumPage/AlbumPage.test.tsx" name="AlbumPage Component &gt; URL Parameters &gt; respects orderBy parameter from URL" time="0.0240000000">
        </testcase>
        <testcase classname="src/Pages/AlbumPage/AlbumPage.test.tsx" name="AlbumPage Component &gt; Share Token &gt; renders page with share token route using different param" time="0.0190000000">
        </testcase>
    </testsuite>
    <testsuite name="src/Pages/PeoplePage/PeoplePage.test.tsx" timestamp="2026-03-26T18:22:29.937Z" hostname="lsemejkin-2.vm.cc.naumen.ru" tests="5" failures="0" errors="0" skipped="0" time="0.5180000000">
        <testcase classname="src/Pages/PeoplePage/PeoplePage.test.tsx" name="PeoplePage component &gt; people page" time="0.3760000000">
        </testcase>
        <testcase classname="src/Pages/PeoplePage/PeoplePage.test.tsx" name="FaceDetails component &gt; unlabeled, no images" time="0.0060000000">
        </testcase>
        <testcase classname="src/Pages/PeoplePage/PeoplePage.test.tsx" name="FaceDetails component &gt; labeled, with thumbnail" time="0.0050000000">
        </testcase>
        <testcase classname="src/Pages/PeoplePage/PeoplePage.test.tsx" name="FaceDetails component &gt; add label to face group" time="0.0790000000">
        </testcase>
        <testcase classname="src/Pages/PeoplePage/PeoplePage.test.tsx" name="FaceDetails component &gt; cancel add label to face group" time="0.0510000000">
        </testcase>
    </testsuite>
    <testsuite name="src/components/timelineGallery/TimelineGallery.test.tsx" timestamp="2026-03-26T18:22:29.938Z" hostname="lsemejkin-2.vm.cc.naumen.ru" tests="1" failures="0" errors="0" skipped="0" time="0.4250000000">
        <testcase classname="src/components/timelineGallery/TimelineGallery.test.tsx" name="timeline with media" time="0.4240000000">
        </testcase>
    </testsuite>
    <testsuite name="src/Pages/PeoplePage/SingleFaceGroup/SingleFaceGroup.test.tsx" timestamp="2026-03-26T18:22:29.938Z" hostname="lsemejkin-2.vm.cc.naumen.ru" tests="1" failures="0" errors="0" skipped="0" time="0.3200000000">
        <testcase classname="src/Pages/PeoplePage/SingleFaceGroup/SingleFaceGroup.test.tsx" name="single face group" time="0.3190000000">
            <system-err>
Missing field &apos;blurhash&apos; while writing result {
  &quot;__typename&quot;: &quot;Media&quot;,
  &quot;id&quot;: &quot;10&quot;,
  &quot;type&quot;: &quot;Photo&quot;,
  &quot;title&quot;: &quot;122A2785-2.jpg&quot;,
  &quot;thumbnail&quot;: {
    &quot;__typename&quot;: &quot;MediaURL&quot;,
    &quot;url&quot;: &quot;/photo/thumbnail_122A2785-2_jpg_lFmZcaN5.jpg&quot;,
    &quot;width&quot;: 1024,
    &quot;height&quot;: 1024
  },
  &quot;highRes&quot;: {
    &quot;__typename&quot;: &quot;MediaURL&quot;,
    &quot;url&quot;: &quot;/photo/122A2785-2_e4nCeMHU.jpg&quot;
  },
  &quot;favorite&quot;: false
}
Missing field &apos;blurhash&apos; while writing result {
  &quot;__typename&quot;: &quot;Media&quot;,
  &quot;id&quot;: &quot;52&quot;,
  &quot;type&quot;: &quot;Photo&quot;,
  &quot;title&quot;: &quot;image.png&quot;,
  &quot;thumbnail&quot;: {
    &quot;__typename&quot;: &quot;MediaURL&quot;,
    &quot;url&quot;: &quot;/photo/thumbnail_image_png_OwTDG5fM.jpg&quot;,
    &quot;width&quot;: 1024,
    &quot;height&quot;: 699
  },
  &quot;highRes&quot;: {
    &quot;__typename&quot;: &quot;MediaURL&quot;,
    &quot;url&quot;: &quot;/photo/image_A2YB0x3z.png&quot;
  },
  &quot;favorite&quot;: false
}

            </system-err>
        </testcase>
    </testsuite>
    <testsuite name="src/Pages/SharePage/SharePage.test.tsx" timestamp="2026-03-26T18:22:29.939Z" hostname="lsemejkin-2.vm.cc.naumen.ru" tests="5" failures="0" errors="0" skipped="0" time="0.3340000000">
        <testcase classname="src/Pages/SharePage/SharePage.test.tsx" name="load correct share page, based on graphql query &gt; load media share page" time="0.1320000000">
            <system-err>
SidebarContext: updateSidebar was called before initialized {
  [32m&apos;$$typeof&apos;[39m: [32mSymbol(react.element)[39m,
  type: [36m[Function: MediaSidebar][39m,
  key: [1mnull[22m,
  ref: [1mnull[22m,
  props: {
    media: {
      id: [32m&apos;1&apos;[39m,
      title: [32m&apos;shared_image.jpg&apos;[39m,
      type: [32m&apos;Photo&apos;[39m,
      highRes: [36m[Object][39m
    },
    hidePreview: [33mtrue[39m
  },
  _owner: [1mnull[22m,
  _store: {}
}

            </system-err>
        </testcase>
        <testcase classname="src/Pages/SharePage/SharePage.test.tsx" name="load correct share page, based on graphql query &gt; load album share page" time="0.0770000000">
        </testcase>
        <testcase classname="src/Pages/SharePage/SharePage.test.tsx" name="load correct share page, based on graphql query &gt; load subalbum of a shared album" time="0.0420000000">
        </testcase>
        <testcase classname="src/Pages/SharePage/SharePage.test.tsx" name="load correct share page, based on graphql query &gt; test the expired" time="0.0190000000">
        </testcase>
        <testcase classname="src/Pages/SharePage/SharePage.test.tsx" name="load correct share page, based on graphql query &gt; test the normal" time="0.0500000000">
        </testcase>
    </testsuite>
    <testsuite name="src/Pages/AllAlbumsPage/AlbumsPage.test.tsx" timestamp="2026-03-26T18:22:29.940Z" hostname="lsemejkin-2.vm.cc.naumen.ru" tests="7" failures="0" errors="0" skipped="0" time="0.2850000000">
        <testcase classname="src/Pages/AllAlbumsPage/AlbumsPage.test.tsx" name="AlbumsPage Component &gt; renders the page with Layout" time="0.1210000000">
        </testcase>
        <testcase classname="src/Pages/AllAlbumsPage/AlbumsPage.test.tsx" name="AlbumsPage Component &gt; renders AlbumFilter component" time="0.0210000000">
        </testcase>
        <testcase classname="src/Pages/AllAlbumsPage/AlbumsPage.test.tsx" name="AlbumsPage Component &gt; renders AlbumBoxes component" time="0.0230000000">
        </testcase>
        <testcase classname="src/Pages/AllAlbumsPage/AlbumsPage.test.tsx" name="AlbumsPage Component &gt; queries albums with correct variables" time="0.0210000000">
        </testcase>
        <testcase classname="src/Pages/AllAlbumsPage/AlbumsPage.test.tsx" name="AlbumsPage Component &gt; displays error state when query fails" time="0.0700000000">
        </testcase>
        <testcase classname="src/Pages/AllAlbumsPage/AlbumsPage.test.tsx" name="AlbumsPage Component &gt; renders loading state initially" time="0.0150000000">
        </testcase>
        <testcase classname="src/Pages/AllAlbumsPage/AlbumsPage.test.tsx" name="AlbumsPage Component &gt; passes correct sorting options to AlbumFilter" time="0.0130000000">
        </testcase>
    </testsuite>
    <testsuite name="src/components/sidebar/MediaSidebar/MediaSidebar.test.tsx" timestamp="2026-03-26T18:22:29.941Z" hostname="lsemejkin-2.vm.cc.naumen.ru" tests="2" failures="0" errors="0" skipped="0" time="0.3280000000">
        <testcase classname="src/components/sidebar/MediaSidebar/MediaSidebar.test.tsx" name="MediaSidebar &gt; render sample image, unauthorized" time="0.1960000000">
            <system-out>
PATH reversed []

            </system-out>
        </testcase>
        <testcase classname="src/components/sidebar/MediaSidebar/MediaSidebar.test.tsx" name="MediaSidebar &gt; render sample image, authorized" time="0.1310000000">
            <system-out>
PATH reversed []
PATH reversed []
[36m&lt;body&gt;[39m
  [36m&lt;div&gt;[39m
    [36m&lt;div&gt;[39m
      [36m&lt;div[39m
        [33mclass[39m=[32m&quot;m-2 flex items-center&quot;[39m
      [36m&gt;[39m
        [36m&lt;button[39m
          [33mclass[39m=[32m&quot;&quot;[39m
          [33mtitle[39m=[32m&quot;Close sidebar&quot;[39m
        [36m&gt;[39m
          [36m&lt;svg[39m
            [33mclass[39m=[32m&quot;m-2 text-[#1F2021] dark:text-[#abadaf]&quot;[39m
            [33mheight[39m=[32m&quot;12px&quot;[39m
            [33mviewBox[39m=[32m&quot;0 0 12 12&quot;[39m
            [33mwidth[39m=[32m&quot;12px&quot;[39m
            [33mxmlns[39m=[32m&quot;http://www.w3.org/2000/svg&quot;[39m
            [33mxmlns:xlink[39m=[32m&quot;http://www.w3.org/1999/xlink&quot;[39m
          [36m&gt;[39m
            [36m&lt;path[39m
              [33md[39m=[32m&quot;M1,11 L11,1 M11,11 L1,1&quot;[39m
              [33mfill[39m=[32m&quot;none&quot;[39m
              [33mstroke[39m=[32m&quot;currentColor&quot;[39m
              [33mstroke-width[39m=[32m&quot;2&quot;[39m
            [36m/&gt;[39m
          [36m&lt;/svg&gt;[39m
        [36m&lt;/button&gt;[39m
        [36m&lt;span[39m
          [33mclass[39m=[32m&quot;flex-grow -mt-1 ml-2&quot;[39m
        [36m&gt;[39m
          [0m122A6069.jpg[0m
        [36m&lt;/span&gt;[39m
        [36m&lt;button[39m
          [33mclass[39m=[32m&quot;hidden lg:block&quot;[39m
          [33mtitle[39m=[32m&quot;Pin sidebar&quot;[39m
        [36m&gt;[39m
          [36m&lt;svg[39m
            [33mclass[39m=[32m&quot;m-2 text-[#1F2021] dark:text-[#abadaf]&quot;[39m
            [33mheight[39m=[32m&quot;17px&quot;[39m
            [33mviewBox[39m=[32m&quot;0 0 16 17&quot;[39m
            [33mwidth[39m=[32m&quot;16px&quot;[39m
            [33mxmlns[39m=[32m&quot;http://www.w3.org/2000/svg&quot;[39m
            [33mxmlns:xlink[39m=[32m&quot;http://www.w3.org/1999/xlink&quot;[39m
          [36m&gt;[39m
            [36m&lt;g[39m
              [33mfill[39m=[32m&quot;none&quot;[39m
              [33mfill-rule[39m=[32m&quot;evenodd&quot;[39m
              [33mstroke[39m=[32m&quot;none&quot;[39m
              [33mstroke-width[39m=[32m&quot;1&quot;[39m
            [36m&gt;[39m
              [36m&lt;g[39m
                [33mstroke[39m=[32m&quot;currentColor&quot;[39m
                [33mtransform[39m=[32m&quot;translate(8, 8.5) rotate(-330) translate(-8, -8.5) translate(4, 2)&quot;[39m
              [36m&gt;[39m
                [36m&lt;path[39m
                  [33md[39m=[32m&quot;M6.76850191,0.434840963 C6.04896114,1.86467297 5.79279384,3.20120746 6,4.44444444 C6.17989677,5.52382504 6.63266329,6.48919052 7.35829958,7.34054088 C7.50158762,7.50867286 7.48146228,7.76112984 7.31333862,7.90442763 C7.24096223,7.96611661 7.14897427,8 7.053875,8 L0.922873286,8 C0.701919553,8.00007212 0.522801161,7.82095373 0.522801161,7.59999999 C0.522801161,7.50599929 0.555900634,7.41500023 0.616293108,7.34296634 C1.36567981,6.44912577 1.82691544,5.48295181 2,4.44444444 C2.19754347,3.25918364 1.93688287,1.92116674 1.21801821,0.430393743 C1.14595115,0.281147735 1.2086138,0.10177184 1.35789863,0.0297852978 C1.39855358,0.0101811032 1.44310701,8.29112604e-18 1.4882418,0 L6.50055336,0 C6.666219,3.58349532e-05 6.80051754,0.134334371 6.80051754,0.300000012 C6.80051754,0.346829895 6.78955305,0.393009303 6.76850191,0.434840963 Z&quot;[39m
                  [33mstroke-linejoin[39m=[32m&quot;round&quot;[39m
                [36m/&gt;[39m
                [36m&lt;line[39m
                  [33mstroke-linecap[39m=[32m&quot;round&quot;[39m
                  [33mx1[39m=[32m&quot;4&quot;[39m
                  [33mx2[39m=[32m&quot;4&quot;[39m
                  [33my1[39m=[32m&quot;8&quot;[39m
                  [33my2[39m=[32m&quot;13&quot;[39m
                [36m/&gt;[39m
              [36m&lt;/g&gt;[39m
            [36m&lt;/g&gt;[39m
          [36m&lt;/svg&gt;[39m
        [36m&lt;/button&gt;[39m
      [36m&lt;/div&gt;[39m
      [36m&lt;div[39m
        [33mclass[39m=[32m&quot;lg:mx-4&quot;[39m
      [36m&gt;[39m
        [36m&lt;div[39m
          [33mclass[39m=[32m&quot;w-full h-0 relative&quot;[39m
          [33mstyle[39m=[32m&quot;padding-top: 75%;&quot;[39m
        [36m&gt;[39m
          [36m&lt;img[39m
            [33mclass[39m=[32m&quot;sc-BeQoi hCZmZz&quot;[39m
            [33mcrossorigin[39m=[32m&quot;use-credentials&quot;[39m
            [33mloading[39m=[32m&quot;eager&quot;[39m
            [33msrc[39m=[32m&quot;http://localhost:3000/photo/highres.jpg&quot;[39m
          [36m/&gt;[39m
          [36m&lt;div[39m
            [33mclass[39m=[32m&quot;sc-gsnTZi efsmfJ&quot;[39m
            [33mwidth[39m=[32m&quot;0.9153754469606674&quot;[39m
          [36m/&gt;[39m
        [36m&lt;/div&gt;[39m
      [36m&lt;/div&gt;[39m
      [36m&lt;div&gt;[39m
        [36m&lt;div[39m
          [33mclass[39m=[32m&quot;sc-iqcoie cofpgg&quot;[39m
        [36m/&gt;[39m
        [36m&lt;div[39m
          [33mclass[39m=[32m&quot;sc-iqcoie cofpgg&quot;[39m
        [36m/&gt;[39m
      [36m&lt;/div&gt;[39m
      [36m&lt;div[39m
        [33mclass[39m=[32m&quot;mx-4 my-4&quot;[39m
      [36m&gt;[39m
        [36m&lt;h2[39m
          [33mclass[39m=[32m&quot;uppercase text-xs text-gray-900 dark:text-gray-300 font-semibold&quot;[39m
        [36m&gt;[39m
          [0mAlbum path[0m
        [36m&lt;/h2&gt;[39m
        [36m&lt;ol[39m
          [33mclass[39m=[32m&quot;sc-cOFTSb dbHFPK&quot;[39m
        [36m&gt;[39m
          [36m&lt;li[39m
            [33mclass[39m=[32m&quot;inline-block hover:underline&quot;[39m
          [36m&gt;[39m
            [36m&lt;a[39m
              [33mclass[39m=[32m&quot;text-blue-900 dark:text-blue-200 hover:underline&quot;[39m
              [33mhref[39m=[32m&quot;/album/2294&quot;[39m
            [36m&gt;[39m
              [0malbum_name[0m
            [36m&lt;/a&gt;[39m
          [36m&lt;/li&gt;[39m
        [36m&lt;/ol&gt;[39m
      [36m&lt;/div&gt;[39m
      [36m&lt;div[39m
        [33mclass[39m=[32m&quot;sc-dkzDqf mb-8&quot;[39m
      [36m&gt;[39m
        [36m&lt;h2[39m
          [33mclass[39m=[32m&quot;sc-hKMtZM text-xl mb-2 mx-4&quot;[39m
        [36m&gt;[39m
          [0mDownload[0m
        [36m&lt;/h2&gt;[39m
        [36m&lt;table[39m
          [33mclass[39m=[32m&quot;sc-ftvSup table-fixed w-full&quot;[39m
        [36m&gt;[39m
          [36m&lt;thead[39m
            [33mclass[39m=[32m&quot;sc-papXJ bg-[#f9f9fb] dark:bg-[#2B3037]&quot;[39m
          [36m&gt;[39m
            [36m&lt;tr[39m
              [33mclass[39m=[32m&quot;sc-jqUVSM text-left uppercase text-xs border-gray-100 dark:border-dark-border2 border-b border-t&quot;[39m
            [36m&gt;[39m
              [36m&lt;th[39m
                [33mclass[39m=[32m&quot;w-2/6 pl-4 py-2&quot;[39m
              [36m&gt;[39m
                [0mName[0m
              [36m&lt;/th&gt;[39m
              [36m&lt;th[39m
                [33mclass[39m=[32m&quot;w-2/6 py-2&quot;[39m
              [36m&gt;[39m
                [0mDimensions[0m
              [36m&lt;/th&gt;[39m
              [36m&lt;th[39m
                [33mclass[39m=[32m&quot;w-1/6 py-2&quot;[39m
              [36m&gt;[39m
                [0mSize[0m
              [36m&lt;/th&gt;[39m
              [36m&lt;th[39m
                [33mclass[39m=[32m&quot;w-1/6 pr-4 py-2&quot;[39m
              [36m&gt;[39m
                [0mType[0m
              [36m&lt;/th&gt;[39m
            [36m&lt;/tr&gt;[39m
          [36m&lt;/thead&gt;[39m
          [36m&lt;tbody /&gt;[39m
        [36m&lt;/table&gt;[39m
      [36m&lt;/div&gt;[39m
      [36m&lt;div&gt;[39m
        [0mLoading shares...[0m
      [36m&lt;/div&gt;[39m
      [36m&lt;div[39m
        [33mclass[39m=[32m&quot;mt-8&quot;[39m
      [36m&gt;[39m
        [36m&lt;div[39m
          [33mclass[39m=[32m&quot;sc-dkzDqf mb-8&quot;[39m
        [36m&gt;[39m
          [36m&lt;h2[39m
            [33mclass[39m=[32m&quot;sc-hKMtZM text-xl mb-2 mx-4&quot;[39m
          [36m&gt;[39m
            [0mAlbum cover[0m
          [36m&lt;/h2&gt;[39m
          [36m&lt;div&gt;[39m
            [36m&lt;table[39m
              [33mclass[39m=[32m&quot;border-collapse w-full&quot;[39m
            [36m&gt;[39m
              [36m&lt;tfoot&gt;[39m
                [36m&lt;tr[39m
                  [33mclass[39m=[32m&quot;text-left border-gray-100 dark:border-dark-border2 border-b border-t&quot;[39m
                [36m&gt;[39m
                  [36m&lt;td[39m
                    [33mclass[39m=[32m&quot;pl-4 py-2&quot;[39m
                    [33mcolspan[39m=[32m&quot;2&quot;[39m
                  [36m&gt;[39m
                    [36m&lt;button[39m
                      [33mclass[39m=[32m&quot;disabled:opacity-50 text-green-500 font-bold uppercase text-xs&quot;[39m
                    [36m&gt;[39m
                      [36m&lt;span&gt;[39m
                        [0mSet as album cover photo[0m
                      [36m&lt;/span&gt;[39m
                    [36m&lt;/button&gt;[39m
                  [36m&lt;/td&gt;[39m
                [36m&lt;/tr&gt;[39m
              [36m&lt;/tfoot&gt;[39m
            [36m&lt;/table&gt;[39m
          [36m&lt;/div&gt;[39m
        [36m&lt;/div&gt;[39m
      [36m&lt;/div&gt;[39m
    [36m&lt;/div&gt;[39m
  [36m&lt;/div&gt;[39m
[36m&lt;/body&gt;[39m

            </system-out>
        </testcase>
    </testsuite>
    <testsuite name="src/Pages/SettingsPage/Users/AddUserRow.test.tsx" timestamp="2026-03-26T18:22:29.942Z" hostname="lsemejkin-2.vm.cc.naumen.ru" tests="2" failures="0" errors="0" skipped="0" time="0.2090000000">
        <testcase classname="src/Pages/SettingsPage/Users/AddUserRow.test.tsx" name="Add user with username and path" time="0.1690000000">
        </testcase>
        <testcase classname="src/Pages/SettingsPage/Users/AddUserRow.test.tsx" name="Add user with only username" time="0.0390000000">
        </testcase>
    </testsuite>
    <testsuite name="src/Pages/PeoplePage/SingleFaceGroup/MergeFaceGroupsModal.test.tsx" timestamp="2026-03-26T18:22:29.943Z" hostname="lsemejkin-2.vm.cc.naumen.ru" tests="3" failures="0" errors="0" skipped="0" time="0.2150000000">
        <testcase classname="src/Pages/PeoplePage/SingleFaceGroup/MergeFaceGroupsModal.test.tsx" name="merges a single source face group into a destination face group" time="0.1460000000">
        </testcase>
        <testcase classname="src/Pages/PeoplePage/SingleFaceGroup/MergeFaceGroupsModal.test.tsx" name="merges all source face groups into a destination face group" time="0.0330000000">
        </testcase>
        <testcase classname="src/Pages/PeoplePage/SingleFaceGroup/MergeFaceGroupsModal.test.tsx" name="merges multiple source face groups into a destination face group" time="0.0320000000">
        </testcase>
    </testsuite>
    <testsuite name="src/Pages/SettingsPage/PeriodicScanner.test.tsx" timestamp="2026-03-26T18:22:29.943Z" hostname="lsemejkin-2.vm.cc.naumen.ru" tests="1" failures="0" errors="0" skipped="0" time="0.2180000000">
        <testcase classname="src/Pages/SettingsPage/PeriodicScanner.test.tsx" name="Enable periodic scanner" time="0.2160000000">
        </testcase>
    </testsuite>
    <testsuite name="src/components/photoGallery/ProtectedMedia.test.tsx" timestamp="2026-03-26T18:22:29.944Z" hostname="lsemejkin-2.vm.cc.naumen.ru" tests="20" failures="0" errors="0" skipped="0" time="0.1910000000">
        <testcase classname="src/components/photoGallery/ProtectedMedia.test.tsx" name="ProtectedMedia Component &gt; getProtectedUrl - Token Appending &gt; returns undefined when url is undefined" time="0.0380000000">
        </testcase>
        <testcase classname="src/components/photoGallery/ProtectedMedia.test.tsx" name="ProtectedMedia Component &gt; getProtectedUrl - Token Appending &gt; appends token from share path to URL" time="0.0050000000">
        </testcase>
        <testcase classname="src/components/photoGallery/ProtectedMedia.test.tsx" name="ProtectedMedia Component &gt; getProtectedUrl - Token Appending &gt; does not append token when not on share path" time="0.0040000000">
        </testcase>
        <testcase classname="src/components/photoGallery/ProtectedMedia.test.tsx" name="ProtectedMedia Component &gt; getProtectedUrl - Token Appending &gt; handles share path with trailing slash" time="0.0040000000">
        </testcase>
        <testcase classname="src/components/photoGallery/ProtectedMedia.test.tsx" name="ProtectedMedia Component &gt; getProtectedUrl - Token Appending &gt; preserves existing URL parameters when appending token" time="0.0040000000">
        </testcase>
        <testcase classname="src/components/photoGallery/ProtectedMedia.test.tsx" name="ProtectedMedia Component &gt; ProtectedImage - Lazy Loading &gt; uses native lazy loading when supported" time="0.0100000000">
        </testcase>
        <testcase classname="src/components/photoGallery/ProtectedMedia.test.tsx" name="ProtectedMedia Component &gt; ProtectedImage - Lazy Loading &gt; uses IntersectionObserver fallback when native lazy loading not supported" time="0.0040000000">
        </testcase>
        <testcase classname="src/components/photoGallery/ProtectedMedia.test.tsx" name="ProtectedMedia Component &gt; ProtectedImage - Lazy Loading &gt; loads image eagerly when lazyLoading is false" time="0.0030000000">
        </testcase>
        <testcase classname="src/components/photoGallery/ProtectedMedia.test.tsx" name="ProtectedMedia Component &gt; ProtectedImage - Lazy Loading &gt; sets crossOrigin to use-credentials" time="0.0030000000">
        </testcase>
        <testcase classname="src/components/photoGallery/ProtectedMedia.test.tsx" name="ProtectedMedia Component &gt; ProtectedImage - Blurhash &gt; shows blurhash placeholder when loading with lazy loading" time="0.0090000000">
        </testcase>
        <testcase classname="src/components/photoGallery/ProtectedMedia.test.tsx" name="ProtectedMedia Component &gt; ProtectedImage - Blurhash &gt; does not show blurhash when image is loaded" time="0.0780000000">
            <system-err>
Warning: An update to FallbackLazyloadedImage inside a test was not wrapped in act(...).

When testing, code that causes React state updates should be wrapped into act(...):

act(() =&gt; {
  /* fire events that update state */
});
/* assert on the output */

This ensures that you&apos;re testing the behavior the user would see in the browser. Learn more at https://reactjs.org/link/wrap-tests-with-act
    at FallbackLazyloadedImage (/home/ai/MY_SERV/photoview-fix-current-tests/ui/src/components/photoGallery/ProtectedMedia.tsx:91:3)
    at ProtectedImage (/home/ai/MY_SERV/photoview-fix-current-tests/ui/src/components/photoGallery/ProtectedMedia.tsx:32:3)

            </system-err>
        </testcase>
        <testcase classname="src/components/photoGallery/ProtectedMedia.test.tsx" name="ProtectedMedia Component &gt; ProtectedImage - Blurhash &gt; does not show blurhash when blurhash prop is null" time="0.0040000000">
        </testcase>
        <testcase classname="src/components/photoGallery/ProtectedMedia.test.tsx" name="ProtectedMedia Component &gt; ProtectedImage - Blurhash &gt; does not show blurhash when blurhash prop is undefined" time="0.0030000000">
        </testcase>
        <testcase classname="src/components/photoGallery/ProtectedMedia.test.tsx" name="ProtectedMedia Component &gt; ProtectedImage - Empty State &gt; uses placeholder when src is undefined" time="0.0020000000">
        </testcase>
        <testcase classname="src/components/photoGallery/ProtectedMedia.test.tsx" name="ProtectedMedia Component &gt; ProtectedImage - Empty State &gt; passes through additional props to img element" time="0.0030000000">
        </testcase>
        <testcase classname="src/components/photoGallery/ProtectedMedia.test.tsx" name="ProtectedMedia Component &gt; ProtectedVideo &gt; renders video element with correct attributes" time="0.0040000000">
        </testcase>
        <testcase classname="src/components/photoGallery/ProtectedMedia.test.tsx" name="ProtectedMedia Component &gt; ProtectedVideo &gt; appends token to video source when on share path" time="0.0030000000">
        </testcase>
        <testcase classname="src/components/photoGallery/ProtectedMedia.test.tsx" name="ProtectedMedia Component &gt; ProtectedVideo &gt; appends token to poster when on share path" time="0.0030000000">
        </testcase>
        <testcase classname="src/components/photoGallery/ProtectedMedia.test.tsx" name="ProtectedMedia Component &gt; ProtectedVideo &gt; returns null when videoWeb is null" time="0.0030000000">
        </testcase>
        <testcase classname="src/components/photoGallery/ProtectedMedia.test.tsx" name="ProtectedMedia Component &gt; ProtectedVideo &gt; passes through additional props to video element" time="0.0030000000">
        </testcase>
    </testsuite>
    <testsuite name="src/Pages/LoginPage/InitialSetupPage.test.tsx" timestamp="2026-03-26T18:22:29.947Z" hostname="lsemejkin-2.vm.cc.naumen.ru" tests="3" failures="0" errors="0" skipped="0" time="0.1600000000">
        <testcase classname="src/Pages/LoginPage/InitialSetupPage.test.tsx" name="Initial setup page &gt; Render initial setup form" time="0.1120000000">
        </testcase>
        <testcase classname="src/Pages/LoginPage/InitialSetupPage.test.tsx" name="Initial setup page &gt; Redirect if auth token is present" time="0.0130000000">
        </testcase>
        <testcase classname="src/Pages/LoginPage/InitialSetupPage.test.tsx" name="Initial setup page &gt; Redirect if not initial setup" time="0.0330000000">
        </testcase>
    </testsuite>
    <testsuite name="src/Pages/LoginPage/LoginPage.test.tsx" timestamp="2026-03-26T18:22:29.947Z" hostname="lsemejkin-2.vm.cc.naumen.ru" tests="3" failures="0" errors="0" skipped="0" time="0.1410000000">
        <testcase classname="src/Pages/LoginPage/LoginPage.test.tsx" name="Login page redirects &gt; Auth token redirect" time="0.0520000000">
        </testcase>
        <testcase classname="src/Pages/LoginPage/LoginPage.test.tsx" name="Login page redirects &gt; Initial setup redirect" time="0.0600000000">
        </testcase>
        <testcase classname="src/Pages/LoginPage/LoginPage.test.tsx" name="Login page &gt; Render login form" time="0.0270000000">
        </testcase>
    </testsuite>
    <testsuite name="src/components/layout/MainMenu.test.tsx" timestamp="2026-03-26T18:22:29.948Z" hostname="lsemejkin-2.vm.cc.naumen.ru" tests="1" failures="0" errors="0" skipped="0" time="0.1370000000">
        <testcase classname="src/components/layout/MainMenu.test.tsx" name="Layout sidebar component" time="0.1360000000">
        </testcase>
    </testsuite>
    <testsuite name="src/Pages/PeoplePage/FaceCircleImage.test.tsx" timestamp="2026-03-26T18:22:29.948Z" hostname="lsemejkin-2.vm.cc.naumen.ru" tests="1" failures="0" errors="0" skipped="0" time="0.1450000000">
        <testcase classname="src/Pages/PeoplePage/FaceCircleImage.test.tsx" name="face circle image" time="0.1440000000">
        </testcase>
    </testsuite>
    <testsuite name="src/components/photoGallery/presentView/PresentNavigationOverlay.test.tsx" timestamp="2026-03-26T18:22:29.948Z" hostname="lsemejkin-2.vm.cc.naumen.ru" tests="3" failures="0" errors="0" skipped="0" time="0.1110000000">
        <testcase classname="src/components/photoGallery/presentView/PresentNavigationOverlay.test.tsx" name="PresentNavigationOverlay component &gt; simple render" time="0.0720000000">
        </testcase>
        <testcase classname="src/components/photoGallery/presentView/PresentNavigationOverlay.test.tsx" name="PresentNavigationOverlay component &gt; click buttons" time="0.0190000000">
        </testcase>
        <testcase classname="src/components/photoGallery/presentView/PresentNavigationOverlay.test.tsx" name="PresentNavigationOverlay component &gt; mouse move, show and hide" time="0.0190000000">
        </testcase>
    </testsuite>
    <testsuite name="src/Pages/SettingsPage/SettingsPage.test.tsx" timestamp="2026-03-26T18:22:29.949Z" hostname="lsemejkin-2.vm.cc.naumen.ru" tests="11" failures="0" errors="0" skipped="0" time="0.1000000000">
        <testcase classname="src/Pages/SettingsPage/SettingsPage.test.tsx" name="SettingsPage Component &gt; renders the page with Layout" time="0.0410000000">
        </testcase>
        <testcase classname="src/Pages/SettingsPage/SettingsPage.test.tsx" name="SettingsPage Component &gt; always renders UserPreferences component" time="0.0080000000">
        </testcase>
        <testcase classname="src/Pages/SettingsPage/SettingsPage.test.tsx" name="SettingsPage Component &gt; always renders VersionInfo component" time="0.0070000000">
        </testcase>
        <testcase classname="src/Pages/SettingsPage/SettingsPage.test.tsx" name="SettingsPage Component &gt; renders admin-only sections when user is admin" time="0.0050000000">
        </testcase>
        <testcase classname="src/Pages/SettingsPage/SettingsPage.test.tsx" name="SettingsPage Component &gt; does not render admin-only sections when user is not admin" time="0.0060000000">
        </testcase>
        <testcase classname="src/Pages/SettingsPage/SettingsPage.test.tsx" name="SettingsPage Component &gt; renders all components in correct order for admin user" time="0.0050000000">
        </testcase>
        <testcase classname="src/Pages/SettingsPage/SettingsPage.test.tsx" name="SettingsPage Styled Components &gt; SectionTitle renders with correct classes" time="0.0070000000">
        </testcase>
        <testcase classname="src/Pages/SettingsPage/SettingsPage.test.tsx" name="SettingsPage Styled Components &gt; SectionTitle removes margin-top when nospace prop is true" time="0.0040000000">
        </testcase>
        <testcase classname="src/Pages/SettingsPage/SettingsPage.test.tsx" name="SettingsPage Styled Components &gt; SectionTitle has margin-top when nospace prop is false" time="0.0040000000">
        </testcase>
        <testcase classname="src/Pages/SettingsPage/SettingsPage.test.tsx" name="SettingsPage Styled Components &gt; InputLabelTitle renders with correct classes" time="0.0080000000">
        </testcase>
        <testcase classname="src/Pages/SettingsPage/SettingsPage.test.tsx" name="SettingsPage Styled Components &gt; InputLabelDescription renders with correct classes" time="0.0040000000">
        </testcase>
    </testsuite>
    <testsuite name="src/components/routes/AuthorizedRoute.test.tsx" timestamp="2026-03-26T18:22:29.950Z" hostname="lsemejkin-2.vm.cc.naumen.ru" tests="5" failures="0" errors="0" skipped="0" time="0.1060000000">
        <testcase classname="src/components/routes/AuthorizedRoute.test.tsx" name="AuthorizedRoute component &gt; not logged in" time="0.0410000000">
        </testcase>
        <testcase classname="src/components/routes/AuthorizedRoute.test.tsx" name="AuthorizedRoute component &gt; logged in" time="0.0060000000">
        </testcase>
        <testcase classname="src/components/routes/AuthorizedRoute.test.tsx" name="useIsAdmin hook &gt; not logged in" time="0.0210000000">
        </testcase>
        <testcase classname="src/components/routes/AuthorizedRoute.test.tsx" name="useIsAdmin hook &gt; not admin" time="0.0150000000">
        </testcase>
        <testcase classname="src/components/routes/AuthorizedRoute.test.tsx" name="useIsAdmin hook &gt; is admin" time="0.0220000000">
        </testcase>
    </testsuite>
    <testsuite name="src/components/photoGallery/presentView/PresentMedia.test.tsx" timestamp="2026-03-26T18:22:29.951Z" hostname="lsemejkin-2.vm.cc.naumen.ru" tests="2" failures="0" errors="0" skipped="0" time="0.0880000000">
        <testcase classname="src/components/photoGallery/presentView/PresentMedia.test.tsx" name="render present image" time="0.0790000000">
        </testcase>
        <testcase classname="src/components/photoGallery/presentView/PresentMedia.test.tsx" name="render present video" time="0.0080000000">
        </testcase>
    </testsuite>
    <testsuite name="src/Pages/TimelinePage/TimelinePage.test.tsx" timestamp="2026-03-26T18:22:29.951Z" hostname="lsemejkin-2.vm.cc.naumen.ru" tests="4" failures="0" errors="0" skipped="0" time="0.1140000000">
        <testcase classname="src/Pages/TimelinePage/TimelinePage.test.tsx" name="TimelinePage Component &gt; renders the page with Layout" time="0.0730000000">
        </testcase>
        <testcase classname="src/Pages/TimelinePage/TimelinePage.test.tsx" name="TimelinePage Component &gt; renders TimelineGallery component" time="0.0180000000">
        </testcase>
        <testcase classname="src/Pages/TimelinePage/TimelinePage.test.tsx" name="TimelinePage Component &gt; has correct page title in document" time="0.0100000000">
        </testcase>
        <testcase classname="src/Pages/TimelinePage/TimelinePage.test.tsx" name="TimelinePage Component &gt; renders without errors" time="0.0120000000">
        </testcase>
    </testsuite>
    <testsuite name="src/hooks/useURLParameters.test.ts" timestamp="2026-03-26T18:22:29.952Z" hostname="lsemejkin-2.vm.cc.naumen.ru" tests="18" failures="0" errors="0" skipped="0" time="0.0740000000">
        <testcase classname="src/hooks/useURLParameters.test.ts" name="useURLParameters Hook &gt; getParam &gt; reads existing parameter from URL" time="0.0230000000">
        </testcase>
        <testcase classname="src/hooks/useURLParameters.test.ts" name="useURLParameters Hook &gt; getParam &gt; returns null for non-existent parameter" time="0.0030000000">
        </testcase>
        <testcase classname="src/hooks/useURLParameters.test.ts" name="useURLParameters Hook &gt; getParam &gt; returns defaultValue for non-existent parameter" time="0.0020000000">
        </testcase>
        <testcase classname="src/hooks/useURLParameters.test.ts" name="useURLParameters Hook &gt; getParam &gt; handles URL with no parameters" time="0.0030000000">
        </testcase>
        <testcase classname="src/hooks/useURLParameters.test.ts" name="useURLParameters Hook &gt; setParam &gt; sets a new parameter in URL" time="0.0070000000">
        </testcase>
        <testcase classname="src/hooks/useURLParameters.test.ts" name="useURLParameters Hook &gt; setParam &gt; updates existing parameter in URL" time="0.0030000000">
        </testcase>
        <testcase classname="src/hooks/useURLParameters.test.ts" name="useURLParameters Hook &gt; setParam &gt; removes parameter when value is null" time="0.0030000000">
        </testcase>
        <testcase classname="src/hooks/useURLParameters.test.ts" name="useURLParameters Hook &gt; setParam &gt; removes parameter when value is empty string" time="0.0030000000">
        </testcase>
        <testcase classname="src/hooks/useURLParameters.test.ts" name="useURLParameters Hook &gt; setParam &gt; removes all parameters when last one is set to null" time="0.0030000000">
        </testcase>
        <testcase classname="src/hooks/useURLParameters.test.ts" name="useURLParameters Hook &gt; setParams &gt; sets multiple parameters at once" time="0.0020000000">
        </testcase>
        <testcase classname="src/hooks/useURLParameters.test.ts" name="useURLParameters Hook &gt; setParams &gt; removes parameters when value is null" time="0.0030000000">
        </testcase>
        <testcase classname="src/hooks/useURLParameters.test.ts" name="useURLParameters Hook &gt; setParams &gt; handles empty array of pairs" time="0.0020000000">
        </testcase>
        <testcase classname="src/hooks/useURLParameters.test.ts" name="useURLParameters Hook &gt; setParams &gt; sets and removes parameters in same call" time="0.0060000000">
        </testcase>
        <testcase classname="src/hooks/useURLParameters.test.ts" name="useURLParameters Hook &gt; API Return Values &gt; returns getParam function" time="0.0020000000">
        </testcase>
        <testcase classname="src/hooks/useURLParameters.test.ts" name="useURLParameters Hook &gt; API Return Values &gt; returns setParam function" time="0.0020000000">
        </testcase>
        <testcase classname="src/hooks/useURLParameters.test.ts" name="useURLParameters Hook &gt; API Return Values &gt; returns setParams function" time="0.0020000000">
        </testcase>
        <testcase classname="src/hooks/useURLParameters.test.ts" name="useURLParameters Hook &gt; Edge Cases &gt; handles special characters in parameter values" time="0.0020000000">
        </testcase>
        <testcase classname="src/hooks/useURLParameters.test.ts" name="useURLParameters Hook &gt; Edge Cases &gt; preserves pathname when updating parameters" time="0.0020000000">
        </testcase>
    </testsuite>
    <testsuite name="src/hooks/useScrollPagination.test.ts" timestamp="2026-03-26T18:22:29.954Z" hostname="lsemejkin-2.vm.cc.naumen.ru" tests="16" failures="0" errors="0" skipped="0" time="0.0870000000">
        <testcase classname="src/hooks/useScrollPagination.test.ts" name="useScrollPagination Hook &gt; Initial State &gt; returns finished as false initially" time="0.0240000000">
        </testcase>
        <testcase classname="src/hooks/useScrollPagination.test.ts" name="useScrollPagination Hook &gt; Initial State &gt; returns containerElem function" time="0.0030000000">
        </testcase>
        <testcase classname="src/hooks/useScrollPagination.test.ts" name="useScrollPagination Hook &gt; IntersectionObserver Setup &gt; creates IntersectionObserver with correct options" time="0.0060000000">
        </testcase>
        <testcase classname="src/hooks/useScrollPagination.test.ts" name="useScrollPagination Hook &gt; IntersectionObserver Setup &gt; observes element when containerElem is called with node" time="0.0030000000">
        </testcase>
        <testcase classname="src/hooks/useScrollPagination.test.ts" name="useScrollPagination Hook &gt; IntersectionObserver Setup &gt; disconnects previous observer when new element is set" time="0.0030000000">
        </testcase>
        <testcase classname="src/hooks/useScrollPagination.test.ts" name="useScrollPagination Hook &gt; IntersectionObserver Setup &gt; disconnects observer when containerElem is called with null" time="0.0020000000">
        </testcase>
        <testcase classname="src/hooks/useScrollPagination.test.ts" name="useScrollPagination Hook &gt; Loading State Management &gt; does not observe element when loading is true" time="0.0030000000">
        </testcase>
        <testcase classname="src/hooks/useScrollPagination.test.ts" name="useScrollPagination Hook &gt; Loading State Management &gt; observes element when loading changes from true to false" time="0.0070000000">
        </testcase>
        <testcase classname="src/hooks/useScrollPagination.test.ts" name="useScrollPagination Hook &gt; Loading State Management &gt; unobserves element when loading changes from false to true" time="0.0030000000">
        </testcase>
        <testcase classname="src/hooks/useScrollPagination.test.ts" name="useScrollPagination Hook &gt; Data Fetching &gt; fetches more data when element intersects (isIntersecting: false)" time="0.0030000000">
        </testcase>
        <testcase classname="src/hooks/useScrollPagination.test.ts" name="useScrollPagination Hook &gt; Data Fetching &gt; calculates correct offset based on current items count" time="0.0040000000">
        </testcase>
        <testcase classname="src/hooks/useScrollPagination.test.ts" name="useScrollPagination Hook &gt; Data Fetching &gt; handles empty data result by setting finished" time="0.0080000000">
            <system-err>
Warning: An update to TestComponent inside a test was not wrapped in act(...).

When testing, code that causes React state updates should be wrapped into act(...):

act(() =&gt; {
  /* fire events that update state */
});
/* assert on the output */

This ensures that you&apos;re testing the behavior the user would see in the browser. Learn more at https://reactjs.org/link/wrap-tests-with-act
    at TestComponent (/home/ai/MY_SERV/photoview-fix-current-tests/ui/node_modules/@testing-library/react/dist/pure.js:281:5)

            </system-err>
        </testcase>
        <testcase classname="src/hooks/useScrollPagination.test.ts" name="useScrollPagination Hook &gt; Data Change Handling &gt; resets finished to false when data changes" time="0.0040000000">
        </testcase>
        <testcase classname="src/hooks/useScrollPagination.test.ts" name="useScrollPagination Hook &gt; Cleanup &gt; disconnects observer on unmount" time="0.0030000000">
        </testcase>
        <testcase classname="src/hooks/useScrollPagination.test.ts" name="useScrollPagination Hook &gt; Edge Cases &gt; handles undefined data gracefully" time="0.0020000000">
        </testcase>
        <testcase classname="src/hooks/useScrollPagination.test.ts" name="useScrollPagination Hook &gt; Edge Cases &gt; handles empty data array" time="0.0030000000">
        </testcase>
    </testsuite>
    <testsuite name="src/hooks/useOrderingParams.test.ts" timestamp="2026-03-26T18:22:29.957Z" hostname="lsemejkin-2.vm.cc.naumen.ru" tests="19" failures="0" errors="0" skipped="0" time="0.0860000000">
        <testcase classname="src/hooks/useOrderingParams.test.ts" name="useOrderingParams Hook &gt; Reading URL Parameters &gt; returns default orderBy when not in URL" time="0.0240000000">
        </testcase>
        <testcase classname="src/hooks/useOrderingParams.test.ts" name="useOrderingParams Hook &gt; Reading URL Parameters &gt; returns custom default orderBy when provided" time="0.0030000000">
        </testcase>
        <testcase classname="src/hooks/useOrderingParams.test.ts" name="useOrderingParams Hook &gt; Reading URL Parameters &gt; returns orderBy from URL when present" time="0.0020000000">
        </testcase>
        <testcase classname="src/hooks/useOrderingParams.test.ts" name="useOrderingParams Hook &gt; Reading URL Parameters &gt; returns default orderBy when URL value is empty string" time="0.0030000000">
        </testcase>
        <testcase classname="src/hooks/useOrderingParams.test.ts" name="useOrderingParams Hook &gt; Reading URL Parameters &gt; returns default orderBy when URL value is null" time="0.0020000000">
        </testcase>
        <testcase classname="src/hooks/useOrderingParams.test.ts" name="useOrderingParams Hook &gt; orderDirection Handling &gt; returns ASC as default orderDirection" time="0.0020000000">
        </testcase>
        <testcase classname="src/hooks/useOrderingParams.test.ts" name="useOrderingParams Hook &gt; orderDirection Handling &gt; returns orderDirection from URL when valid" time="0.0030000000">
        </testcase>
        <testcase classname="src/hooks/useOrderingParams.test.ts" name="useOrderingParams Hook &gt; orderDirection Handling &gt; returns ASC when URL value is invalid" time="0.0020000000">
        </testcase>
        <testcase classname="src/hooks/useOrderingParams.test.ts" name="useOrderingParams Hook &gt; orderDirection Handling &gt; returns ASC when URL value is null" time="0.0020000000">
        </testcase>
        <testcase classname="src/hooks/useOrderingParams.test.ts" name="useOrderingParams Hook &gt; orderDirection Handling &gt; returns ASC when URL value is empty string" time="0.0030000000">
        </testcase>
        <testcase classname="src/hooks/useOrderingParams.test.ts" name="useOrderingParams Hook &gt; setOrdering &gt; sets orderBy parameter" time="0.0020000000">
        </testcase>
        <testcase classname="src/hooks/useOrderingParams.test.ts" name="useOrderingParams Hook &gt; setOrdering &gt; sets orderDirection parameter" time="0.0110000000">
        </testcase>
        <testcase classname="src/hooks/useOrderingParams.test.ts" name="useOrderingParams Hook &gt; setOrdering &gt; sets both orderBy and orderDirection parameters" time="0.0020000000">
        </testcase>
        <testcase classname="src/hooks/useOrderingParams.test.ts" name="useOrderingParams Hook &gt; setOrdering &gt; does not call setParams when no arguments provided" time="0.0040000000">
        </testcase>
        <testcase classname="src/hooks/useOrderingParams.test.ts" name="useOrderingParams Hook &gt; Toggle Order Direction Pattern &gt; can toggle from ASC to DESC" time="0.0020000000">
        </testcase>
        <testcase classname="src/hooks/useOrderingParams.test.ts" name="useOrderingParams Hook &gt; Toggle Order Direction Pattern &gt; can toggle from DESC to ASC" time="0.0010000000">
        </testcase>
        <testcase classname="src/hooks/useOrderingParams.test.ts" name="useOrderingParams Hook &gt; Toggle Order Direction Pattern &gt; can change orderBy while keeping current orderDirection" time="0.0080000000">
        </testcase>
        <testcase classname="src/hooks/useOrderingParams.test.ts" name="useOrderingParams Hook &gt; Edge Cases &gt; handles all valid OrderDirection values" time="0.0030000000">
        </testcase>
        <testcase classname="src/hooks/useOrderingParams.test.ts" name="useOrderingParams Hook &gt; Edge Cases &gt; handles custom orderBy values" time="0.0050000000">
        </testcase>
    </testsuite>
    <testsuite name="src/Pages/SettingsPage/ScannerConcurrentWorkers.test.tsx" timestamp="2026-03-26T18:22:29.959Z" hostname="lsemejkin-2.vm.cc.naumen.ru" tests="1" failures="0" errors="0" skipped="0" time="0.0720000000">
        <testcase classname="src/Pages/SettingsPage/ScannerConcurrentWorkers.test.tsx" name="load ScannerConcurrentWorkers" time="0.0710000000">
        </testcase>
    </testsuite>
    <testsuite name="src/components/layout/Layout.test.tsx" timestamp="2026-03-26T18:22:29.960Z" hostname="lsemejkin-2.vm.cc.naumen.ru" tests="1" failures="0" errors="0" skipped="0" time="0.0650000000">
        <testcase classname="src/components/layout/Layout.test.tsx" name="Layout component" time="0.0640000000">
        </testcase>
    </testsuite>
    <testsuite name="src/components/routes/Routes.test.tsx" timestamp="2026-03-26T18:22:29.960Z" hostname="lsemejkin-2.vm.cc.naumen.ru" tests="2" failures="0" errors="0" skipped="1" time="0.0450000000">
        <testcase classname="src/components/routes/Routes.test.tsx" name="routes &gt; unauthorized root path should navigate to login page">
            <skipped/>
        </testcase>
        <testcase classname="src/components/routes/Routes.test.tsx" name="routes &gt; invalid page should print a &quot;not found&quot; message" time="0.0440000000">
        </testcase>
    </testsuite>
    <testsuite name="src/apolloClient.test.ts" timestamp="2026-03-26T18:22:29.960Z" hostname="lsemejkin-2.vm.cc.naumen.ru" tests="19" failures="0" errors="0" skipped="0" time="0.0250000000">
        <testcase classname="src/apolloClient.test.ts" name="Apollo Client Configuration &gt; HTTP Link Configuration &gt; configures HTTP link with correct GraphQL endpoint" time="0.0060000000">
        </testcase>
        <testcase classname="src/apolloClient.test.ts" name="Apollo Client Configuration &gt; HTTP Link Configuration &gt; uses environment variable when provided" time="0.0010000000">
        </testcase>
        <testcase classname="src/apolloClient.test.ts" name="Apollo Client Configuration &gt; WebSocket Split &gt; splits subscriptions to WebSocket correctly" time="0.0010000000">
        </testcase>
        <testcase classname="src/apolloClient.test.ts" name="Apollo Client Configuration &gt; WebSocket Split &gt; converts HTTPS to WSS protocol" time="0.0010000000">
        </testcase>
        <testcase classname="src/apolloClient.test.ts" name="Apollo Client Configuration &gt; WebSocket Split &gt; converts HTTP to WS protocol">
        </testcase>
        <testcase classname="src/apolloClient.test.ts" name="Apollo Client Configuration &gt; Error Handler &gt; clears token on 401 network error" time="0.0030000000">
        </testcase>
        <testcase classname="src/apolloClient.test.ts" name="Apollo Client Configuration &gt; Error Handler &gt; clears token on GraphQL unauthorized error" time="0.0010000000">
        </testcase>
        <testcase classname="src/apolloClient.test.ts" name="Apollo Client Configuration &gt; Error Handler &gt; formats error message for single GraphQL error" time="0.0010000000">
        </testcase>
        <testcase classname="src/apolloClient.test.ts" name="Apollo Client Configuration &gt; Error Handler &gt; formats error message for multiple GraphQL errors">
        </testcase>
        <testcase classname="src/apolloClient.test.ts" name="Apollo Client Configuration &gt; Cache Configuration &gt; configures SiteInfo with merge: true">
        </testcase>
        <testcase classname="src/apolloClient.test.ts" name="Apollo Client Configuration &gt; Cache Configuration &gt; configures MediaURL with url keyFields" time="0.0010000000">
        </testcase>
        <testcase classname="src/apolloClient.test.ts" name="Apollo Client Configuration &gt; Cache Configuration &gt; configures Album media pagination with correct keyArgs">
        </testcase>
        <testcase classname="src/apolloClient.test.ts" name="Apollo Client Configuration &gt; Cache Configuration &gt; configures FaceGroup imageFaces pagination" time="0.0010000000">
        </testcase>
        <testcase classname="src/apolloClient.test.ts" name="Apollo Client Configuration &gt; Cache Configuration &gt; configures Query fields pagination">
        </testcase>
        <testcase classname="src/apolloClient.test.ts" name="Apollo Client Configuration &gt; Cache Pagination Merge Function &gt; merges existing and incoming items with offset" time="0.0010000000">
        </testcase>
        <testcase classname="src/apolloClient.test.ts" name="Apollo Client Configuration &gt; Cache Pagination Merge Function &gt; throws error when paginate argument is missing" time="0.0010000000">
        </testcase>
        <testcase classname="src/apolloClient.test.ts" name="Apollo Client Configuration &gt; Cache Pagination Merge Function &gt; handles offset of 0 correctly" time="0.0010000000">
        </testcase>
        <testcase classname="src/apolloClient.test.ts" name="Apollo Client Configuration &gt; Client Creation &gt; creates ApolloClient with error link and main link" time="0.0030000000">
        </testcase>
        <testcase classname="src/apolloClient.test.ts" name="Apollo Client Configuration &gt; Client Creation &gt; creates ApolloLink.from with error and main links" time="0.0010000000">
        </testcase>
    </testsuite>
    <testsuite name="src/helpers/authentication.test.ts" timestamp="2026-03-26T18:22:29.963Z" hostname="lsemejkin-2.vm.cc.naumen.ru" tests="2" failures="0" errors="0" skipped="0" time="0.0250000000">
        <testcase classname="src/helpers/authentication.test.ts" name="helpers/authentication &gt; auth token cookie operations" time="0.0190000000">
        </testcase>
        <testcase classname="src/helpers/authentication.test.ts" name="helpers/authentication &gt; share token cookie operations" time="0.0050000000">
        </testcase>
    </testsuite>
    <testsuite name="src/components/timelineGallery/timelineGalleryReducer.test.ts" timestamp="2026-03-26T18:22:29.963Z" hostname="lsemejkin-2.vm.cc.naumen.ru" tests="13" failures="0" errors="0" skipped="0" time="0.0110000000">
        <testcase classname="src/components/timelineGallery/timelineGalleryReducer.test.ts" name="timeline gallery reducer &gt; replace timeline groups" time="0.0040000000">
        </testcase>
        <testcase classname="src/components/timelineGallery/timelineGalleryReducer.test.ts" name="timeline gallery reducer &gt; select image" time="0.0010000000">
        </testcase>
        <testcase classname="src/components/timelineGallery/timelineGalleryReducer.test.ts" name="timeline gallery reducer &gt; next image &gt; no selection">
        </testcase>
        <testcase classname="src/components/timelineGallery/timelineGalleryReducer.test.ts" name="timeline gallery reducer &gt; next image &gt; first selected" time="0.0010000000">
        </testcase>
        <testcase classname="src/components/timelineGallery/timelineGalleryReducer.test.ts" name="timeline gallery reducer &gt; next image &gt; next album">
        </testcase>
        <testcase classname="src/components/timelineGallery/timelineGalleryReducer.test.ts" name="timeline gallery reducer &gt; next image &gt; next date">
        </testcase>
        <testcase classname="src/components/timelineGallery/timelineGalleryReducer.test.ts" name="timeline gallery reducer &gt; next image &gt; reached end" time="0.0010000000">
        </testcase>
        <testcase classname="src/components/timelineGallery/timelineGalleryReducer.test.ts" name="timeline gallery reducer &gt; previous image &gt; no selection">
        </testcase>
        <testcase classname="src/components/timelineGallery/timelineGalleryReducer.test.ts" name="timeline gallery reducer &gt; previous image &gt; first selected" time="0.0010000000">
        </testcase>
        <testcase classname="src/components/timelineGallery/timelineGalleryReducer.test.ts" name="timeline gallery reducer &gt; previous image &gt; previous album">
        </testcase>
        <testcase classname="src/components/timelineGallery/timelineGalleryReducer.test.ts" name="timeline gallery reducer &gt; previous image &gt; previous date">
        </testcase>
        <testcase classname="src/components/timelineGallery/timelineGalleryReducer.test.ts" name="timeline gallery reducer &gt; previous image &gt; previous media" time="0.0010000000">
        </testcase>
        <testcase classname="src/components/timelineGallery/timelineGalleryReducer.test.ts" name="timeline gallery reducer &gt; present mode">
        </testcase>
    </testsuite>
    <testsuite name="src/components/photoGallery/photoGalleryReducer.test.ts" timestamp="2026-03-26T18:22:29.965Z" hostname="lsemejkin-2.vm.cc.naumen.ru" tests="4" failures="0" errors="0" skipped="0" time="0.0060000000">
        <testcase classname="src/components/photoGallery/photoGalleryReducer.test.ts" name="photo gallery reducer &gt; next image" time="0.0030000000">
        </testcase>
        <testcase classname="src/components/photoGallery/photoGalleryReducer.test.ts" name="photo gallery reducer &gt; previous image" time="0.0010000000">
        </testcase>
        <testcase classname="src/components/photoGallery/photoGalleryReducer.test.ts" name="photo gallery reducer &gt; select image">
        </testcase>
        <testcase classname="src/components/photoGallery/photoGalleryReducer.test.ts" name="photo gallery reducer &gt; present mode">
        </testcase>
    </testsuite>
</testsuites>
